make all --print-data-base --no-builtin-variables --no-builtin-rules --question
make: *** No rule to make target 'all'.  Stop.

# GNU Make 4.1
# Built for x86_64-pc-linux-gnu
# Copyright (C) 1988-2014 Free Software Foundation, Inc.
# License GPLv3+: GNU GPL version 3 or later <http://gnu.org/licenses/gpl.html>
# This is free software: you are free to change and redistribute it.
# There is NO WARRANTY, to the extent permitted by law.

# Make data base, printed on Fri Aug 19 01:17:39 2022

# Variables

# 'override' directive
GNUMAKEFLAGS := 
# automatic
<D = $(patsubst %/,%,$(dir $<))
# automatic
?F = $(notdir $?)
# environment
PAPERSIZE = letter
# environment
DESKTOP_SESSION = ubuntu
# default
.SHELLFLAGS := -c
# environment
XDG_SESSION_TYPE = x11
# environment
NVM_INC = /home/alcides/.nvm/versions/node/v14.16.0/include/node
# automatic
?D = $(patsubst %/,%,$(dir $?))
# environment
IM_CONFIG_PHASE = 2
# makefile (from 'Makefile', line 29)
PHPMETRICS = ./vendor/bin/phpmetrics
# automatic
@D = $(patsubst %/,%,$(dir $@))
# environment
XAUTHORITY = /run/user/1000/gdm/Xauthority
# environment
GDMSESSION = ubuntu
# environment
XMODIFIERS = @im=ibus
# makefile
CURDIR := /home/alcides/Documents/todo/FDN/website/transportesfuentedelnorte.com
# makefile (from 'Makefile', line 8)
SHELL = sh
# environment
VSCODE_NLS_CONFIG = {"locale":"en-us","availableLanguages":{},"_languagePackSupport":true}
# environment
_ = /usr/share/code/code
# environment
XDG_CONFIG_DIRS = /etc/xdg/xdg-ubuntu:/etc/xdg
# makefile (from 'Makefile', line 233)
BASE_URL = https://127.0.0.1
# makefile (from 'Makefile', line 35)
DOCKER_COMP = docker-compose
# makefile (from 'Makefile', line 1)
MAKEFILE_LIST :=  Makefile
# automatic
@F = $(notdir $@)
# environment
GIO_LAUNCHED_DESKTOP_FILE = /usr/share/applications/code.desktop
# environment
USERNAME = alcides
# environment
MAKELEVEL := 0
# environment
MANDATORY_PATH = /usr/share/gconf/ubuntu.mandatory.path
# makefile (from 'Makefile', line 19)
NPX = npx
# environment
XDG_DATA_DIRS = /usr/share/ubuntu:/usr/local/share/:/usr/share/:/var/lib/snapd/desktop
# environment
DBUS_SESSION_BUS_ADDRESS = unix:path=/run/user/1000/bus
# environment
INFOPATH = /home/linuxbrew/.linuxbrew/share/info:
# environment
CLUTTER_IM_MODULE = xim
# environment
LESSOPEN = | /usr/bin/lesspipe %s
# environment
LC_NAME = en_US.UTF-8
# environment
VSCODE_CWD = /home/alcides
# makefile (from 'Makefile', line 27)
PHPSTAN = ./vendor/bin/phpstan
# default
MAKE_HOST := x86_64-pc-linux-gnu
# environment
PATH = /home/alcides/.local/bin:/home/alcides/.nvm/versions/node/v14.16.0/bin:/home/linuxbrew/.linuxbrew/bin:/home/linuxbrew/.linuxbrew/sbin:/home/alcides/.local/bin:/usr/local/sbin:/usr/local/bin:/usr/sbin:/usr/bin:/sbin:/bin:/usr/games:/usr/local/games:/snap/bin:/home/alcides/.symfony/bin:/opt/mssql-tools18/bin:/opt/mssql-tools18/bin
# environment
GPG_AGENT_INFO = /run/user/1000/gnupg/S.gpg-agent:0:1
# environment
GJS_DEBUG_OUTPUT = stderr
# environment
SESSION_MANAGER = local/alcides-Inspiron-3793:@/tmp/.ICE-unix/1467,unix/alcides-Inspiron-3793:/tmp/.ICE-unix/1467
# environment
XDG_RUNTIME_DIR = /run/user/1000
# makefile (from 'Makefile', line 11)
HTTP_PORT = 8000
# environment
TEXTDOMAIN = gdm
# makefile (from 'Makefile', line 16)
REDIS = redis-cli
# makefile (from 'Makefile', line 9)
PROJECT = strangebuzz
# makefile (from 'Makefile', line 34)
DOCKER = docker
# environment
NVM_BIN = /home/alcides/.nvm/versions/node/v14.16.0/bin
# environment
XDG_MENU_PREFIX = gnome-
# environment
ELECTRON_RUN_AS_NODE = 1
# makefile (from 'Makefile', line 234)
PORT = :8000
# default
.FEATURES := target-specific order-only second-expansion else-if shortest-stem undefine oneshell archives jobserver output-sync check-symlink load
# makefile (from 'Makefile', line 232)
BEARER = `cat ./config/jwt/bearer.txt`
# environment
LS_COLORS = 
# makefile (from 'Makefile', line 10)
GIT_AUTHOR = COil
# environment
XDG_SESSION_DESKTOP = ubuntu
# environment
SSH_AUTH_SOCK = /run/user/1000/keyring/ssh
# environment
GIO_LAUNCHED_DESKTOP_FILE_PID = 4122
# automatic
%F = $(notdir $%)
# environment
DISPLAY = :0
# makefile (from 'Makefile', line 22)
SYMFONY = $(EXEC_PHP) bin/console
# environment
GTK_IM_MODULE = ibus
# environment
PWD = /home/alcides/Documents/todo/FDN/website/transportesfuentedelnorte.com
# environment
HOMEBREW_CELLAR = /home/linuxbrew/.linuxbrew/Cellar
# environment
XDG_SEAT = seat0
# environment
SSH_AGENT_PID = 2815
# makefile (from 'Makefile', line 17)
GIT = git
# environment
ORIGINAL_XDG_CURRENT_DESKTOP = ubuntu:GNOME
# environment
GTK_MODULES = gail:atk-bridge
# environment
MANPATH = /home/alcides/.nvm/versions/node/v14.16.0/share/man:/home/linuxbrew/.linuxbrew/share/man:
# environment
VSCODE_AMD_ENTRYPOINT = vs/workbench/api/node/extensionHostProcess
# environment
HOME = /home/alcides
# environment
LESSCLOSE = /usr/bin/lesspipe %s %s
# environment
VSCODE_CODE_CACHE_PATH = /home/alcides/.config/Code/CachedData/e4503b30fc78200f846c62cf8091b76ff5547662
# environment
LOGNAME = alcides
# makefile (from 'Makefile', line 18)
YARN = yarn
# environment
APPLICATION_INSIGHTS_NO_DIAGNOSTIC_CHANNEL = true
# environment
NVM_CD_FLAGS = 
# automatic
+F = $(notdir $+)
# makefile (from 'Makefile', line 33)
BREW = brew
# environment
VSCODE_HANDLES_UNCAUGHT_ERRORS = true
# default
MAKE_VERSION := 4.1
# environment
GNOME_DESKTOP_SESSION_ID = this-is-deprecated
# automatic
^D = $(patsubst %/,%,$(dir $^))
# environment
XDG_VTNR = 1
# environment
LC_TIME = en_US.UTF-8
# default
MAKE = $(MAKE_COMMAND)
# default
MAKECMDGOALS := all
# environment
QT_IM_MODULE = ibus
# environment
SHLVL = 1
# environment
GNOME_SHELL_SESSION_MODE = ubuntu
# environment
XDG_SESSION_ID = 1
# environment
USER = alcides
# environment
LC_MONETARY = en_US.UTF-8
# makefile (from 'Makefile', line 41)
.DEFAULT_GOAL = help
# environment
XDG_CURRENT_DESKTOP = Unity
# makefile (from 'Makefile', line 28)
PHP_CS_FIXER = ./vendor/bin/php-cs-fixer
# makefile (from 'Makefile', line 15)
COMPOSER = composer
# automatic
%D = $(patsubst %/,%,$(dir $%))
# environment
LC_TELEPHONE = en_US.UTF-8
# default
MAKE_COMMAND := make
# default
.VARIABLES := 
# automatic
*F = $(notdir $*)
# environment
LANGUAGE = en_US:en
# environment
VSCODE_IPC_HOOK = /run/user/1000/vscode-b3f5a96f-1.70.2-main.sock
# makefile
MAKEFLAGS = pqrR
# environment
MFLAGS = -pqrR
# automatic
*D = $(patsubst %/,%,$(dir $*))
# environment
NVM_DIR = /home/alcides/.nvm
# environment
HOMEBREW_PREFIX = /home/linuxbrew/.linuxbrew
# automatic
+D = $(patsubst %/,%,$(dir $+))
# environment
GDK_BACKEND = x11
# environment
LC_PAPER = en_US.UTF-8
# makefile (from 'Makefile', line 32)
SYMFONY_BIN = symfony
# environment
S_COLORS = auto
# environment
HOMEBREW_REPOSITORY = /home/linuxbrew/.linuxbrew/Homebrew
# environment
QT_ACCESSIBILITY = 1
# makefile (from 'Makefile', line 14)
EXEC_PHP = php
# environment
DEFAULTS_PATH = /usr/share/gconf/ubuntu.default.path
# makefile (from 'Makefile', line 26)
PHPUNIT = ./vendor/bin/phpunit
# environment
TEXTDOMAINDIR = /usr/share/locale/
# default
MAKEFILES := 
# environment
LC_NUMERIC = en_US.UTF-8
# automatic
<F = $(notdir $<)
# makefile (from 'Makefile', line 38)
CERTBOT = certbot
# environment
LC_MEASUREMENT = en_US.UTF-8
# environment
LC_ALL = C
# environment
QT4_IM_MODULE = xim
# environment
GJS_DEBUG_TOPICS = JS ERROR;JS LOG
# automatic
^F = $(notdir $^)
# default
SUFFIXES := 
# environment
CHROME_DESKTOP = code-url-handler.desktop
# environment
WINDOWPATH = 1
# default
.INCLUDE_DIRS = /usr/include /usr/local/include /usr/include
 
# environment
LC_IDENTIFICATION = en_US.UTF-8
# default
.RECIPEPREFIX := 
# environment
LC_ADDRESS = en_US.UTF-8
# environment
LANG = C
# environment
VSCODE_PID = 4122
# variable set hash-table stats:
# Load=140/1024=14%, Rehash=0, Collisions=24/166=14%

# Pattern-specific Variable Values

# No pattern-specific variable values.

# Directories

# . (device 66309, inode 1050160): 30 files, no impossibilities.

# 30 files, no impossibilities in 1 directories.

# Implicit Rules

# No implicit rules.

# Files

php-set-7-4:
#  Implicit rule search has not been done.
#  Modification time never checked.
#  File has not been updated.
#  recipe to execute (from 'Makefile', line 58):
	@$(BREW) unlink php
	@$(BREW) link --overwrite php@7.4

php-set-8-1:
#  Implicit rule search has not been done.
#  Modification time never checked.
#  File has not been updated.
#  recipe to execute (from 'Makefile', line 66):
	@$(BREW) unlink php
	@$(BREW) link --overwrite php@8.1

stop: down unserve
#  Implicit rule search has not been done.
#  Modification time never checked.
#  File has not been updated.

report-metrics:
#  Implicit rule search has not been done.
#  Modification time never checked.
#  File has not been updated.
#  recipe to execute (from 'Makefile', line 254):
	@$(PHPMETRICS) --report-html=var/phpmetrics/ src/

cc-redis:
#  Implicit rule search has not been done.
#  Modification time never checked.
#  File has not been updated.
#  recipe to execute (from 'Makefile', line 155):
	@$(REDIS) -p 6389 flushall

static-analysis: stan
#  Implicit rule search has not been done.
#  Modification time never checked.
#  File has not been updated.

jwt-generate-keys:
#  Implicit rule search has not been done.
#  Modification time never checked.
#  File has not been updated.
#  recipe to execute (from 'Makefile', line 237):
	@mkdir -p config/jwt
	@openssl genpkey -out ./config/jwt/private.pem -aes256 -algorithm rsa -pkeyopt rsa_keygen_bits:4096
	@openssl pkey -in ./config/jwt/private.pem -out ./config/jwt/public.pem -pubout

populate:
#  Implicit rule search has not been done.
#  Modification time never checked.
#  File has not been updated.
#  recipe to execute (from 'Makefile', line 104):
	@$(SYMFONY) fos:elastica:reset
	@$(SYMFONY) fos:elastica:populate --index=app
	@$(SYMFONY) strangebuzz:populate

# Not a target:
all:
#  Command line target.
#  Implicit rule search has been done.
#  File does not exist.
#  File has not been updated.

env-check:
#  Implicit rule search has not been done.
#  Modification time never checked.
#  File has not been updated.
#  recipe to execute (from 'Makefile', line 205):
	@printenv | grep -i app_

stan:
#  Implicit rule search has not been done.
#  Modification time never checked.
#  File has not been updated.
#  recipe to execute (from 'Makefile', line 188):
	@$(PHPSTAN) analyse -c configuration/phpstan.neon --memory-limit 1G

.PHONY:
#  Implicit rule search has not been done.
#  Modification time never checked.
#  File has not been updated.

jwt-test: config/jwt/bearer.txt
#  Implicit rule search has not been done.
#  Modification time never checked.
#  File has not been updated.
#  recipe to execute (from 'Makefile', line 248):
	@curl -s GET -H 'Cache-Control: no-cache' -H "Content-Type: application/json" -H "Authorization: Bearer ${BEARER}" ${BASE_URL}${PORT}/api/books/1 | jq

fix-perms:
#  Implicit rule search has not been done.
#  Modification time never checked.
#  File has not been updated.
#  recipe to execute (from 'Makefile', line 82):
	@chmod -R 777 var/*

fix-js:
#  Implicit rule search has not been done.
#  Modification time never checked.
#  File has not been updated.
#  recipe to execute (from 'Makefile', line 225):
	@$(NPX) eslint assets/js --fix

load-fixtures:
#  Implicit rule search has not been done.
#  Modification time never checked.
#  File has not been updated.
#  recipe to execute (from 'Makefile', line 161):
	@$(SYMFONY) doctrine:cache:clear-metadata
	@$(SYMFONY) doctrine:database:create --if-not-exists
	@$(SYMFONY) doctrine:schema:drop --force
	@$(SYMFONY) doctrine:schema:create
	@$(SYMFONY) doctrine:schema:validate
	@$(SYMFONY) hautelook:fixtures:load --no-interaction

up:
#  Implicit rule search has not been done.
#  Modification time never checked.
#  File has not been updated.
#  recipe to execute (from 'Makefile', line 118):
	$(DOCKER_COMP) up --detach

warmup:
#  Implicit rule search has not been done.
#  Modification time never checked.
#  File has not been updated.
#  recipe to execute (from 'Makefile', line 79):
	@$(SYMFONY) cache:warmup

# Not a target:
Makefile:
#  Implicit rule search has been done.
#  Last modified 2022-08-18 11:31:07.56441792
#  File has been updated.
#  Successfully updated.

sf:
#  Implicit rule search has not been done.
#  Modification time never checked.
#  File has not been updated.
#  recipe to execute (from 'Makefile', line 73):
	@$(SYMFONY)

le-renew:
#  Implicit rule search has not been done.
#  Modification time never checked.
#  File has not been updated.
#  recipe to execute (from 'Makefile', line 208):
	@$(CERTBOT) --apache -d strangebuzz.com -d www.strangebuzz.com

wait-for-elasticsearch:
#  Implicit rule search has not been done.
#  Modification time never checked.
#  File has not been updated.
#  recipe to execute (from 'Makefile', line 142):
	@bin/wait-for-elasticsearch.sh

test: phpunit.xml check
#  Implicit rule search has not been done.
#  Modification time never checked.
#  File has not been updated.
#  recipe to execute (from 'Makefile', line 173):
	@$(eval testsuite ?= 'all')
	@$(eval filter ?= '.')
	@$(PHPUNIT) --testsuite=$(testsuite) --filter=$(filter) --stop-on-failure

list-index:
#  Implicit rule search has not been done.
#  Modification time never checked.
#  File has not been updated.
#  recipe to execute (from 'Makefile', line 111):
	@curl http://localhost:9209/_cat/indices?v

build:
#  Implicit rule search has not been done.
#  Modification time never checked.
#  File has not been updated.
#  recipe to execute (from 'Makefile', line 121):
	$(DOCKER_COMP) build --pull --no-cache

reload: load-fixtures populate
#  Implicit rule search has not been done.
#  Modification time never checked.
#  File has not been updated.

wait-for-mysql:
#  Implicit rule search has not been done.
#  Modification time never checked.
#  File has not been updated.
#  recipe to execute (from 'Makefile', line 139):
	@bin/wait-for-mysql.sh

init-snippet:
#  Implicit rule search has not been done.
#  Modification time never checked.
#  File has not been updated.
#  recipe to execute (from 'Makefile', line 169):
	@$(SYMFONY) $(PROJECT):init-snippet

test-all: phpunit.xml
#  Implicit rule search has not been done.
#  Modification time never checked.
#  File has not been updated.
#  recipe to execute (from 'Makefile', line 180):
	@$(PHPUNIT) --stop-on-failure

delete-index:
#  Implicit rule search has not been done.
#  Modification time never checked.
#  File has not been updated.
#  recipe to execute (from 'Makefile', line 114):
	@curl -X DELETE "localhost:9209/$(index)?pretty"

help:
#  Implicit rule search has not been done.
#  Modification time never checked.
#  File has not been updated.
#  recipe to execute (from 'Makefile', line 47):
	@grep -E '(^[a-zA-Z0-9_-]+:.*?##.*$$)|(^##)' $(MAKEFILE_LIST) | awk 'BEGIN {FS = ":.*?## "}{printf "\033[32m%-30s\033[0m %s\n", $$1, $$2}' | sed -e 's/\[32m##/[33m/'

fix-php:
#  Implicit rule search has not been done.
#  Modification time never checked.
#  File has not been updated.
#  recipe to execute (from 'Makefile', line 194):
	@$(PHP_CS_FIXER) fix --allow-risky=yes --config=php-cs-fixer.php

watch:
#  Implicit rule search has not been done.
#  Modification time never checked.
#  File has not been updated.
#  recipe to execute (from 'Makefile', line 216):
	@$(YARN) run encore dev --watch

purge:
#  Implicit rule search has not been done.
#  Modification time never checked.
#  File has not been updated.
#  recipe to execute (from 'Makefile', line 88):
	@rm -rf var/cache/* var/logs/*

dev:
#  Implicit rule search has not been done.
#  Modification time never checked.
#  File has not been updated.
#  recipe to execute (from 'Makefile', line 212):
	@$(YARN) install --check-files
	@$(YARN) run encore dev

stats:
#  Implicit rule search has not been done.
#  Modification time never checked.
#  File has not been updated.
 
#  recipe to execute (from 'Makefile', line 229):
	@$(GIT) log --author="$(GIT_AUTHOR)" --date=iso | perl -nalE 'if (/^Date:\s+[\d-]{10}\s(\d{2})/) { say $$1+0 }' | sort | uniq -c|perl -MList::Util=max -nalE '$$h{$$F[1]} = $$F[0]; }{ $$m = max values %h; foreach (0..23) { $$h{$$_} = 0 if not exists $$h{$$_} } foreach (sort {$$a <=> $$b } keys %h) { say sprintf "%02d - %4d %s", $$_, $$h{$$_}, "*"x ($$h{$$_} / $$m * 50); }'

# Not a target:
.DEFAULT:
#  Implicit rule search has not been done.
#  Modification time never checked.
#  File has not been updated.

start: up wait-for-mysql load-fixtures wait-for-elasticsearch populate serve
#  Implicit rule search has not been done.
#  Modification time never checked.
#  File has not been updated.

# Not a target:
config/jwt/bearer.txt:
#  Implicit rule search has not been done.
#  Modification time never checked.
#  File has not been updated.

lint-js:
#  Implicit rule search has not been done.
#  Modification time never checked.
#  File has not been updated.
#  recipe to execute (from 'Makefile', line 222):
	@$(NPX) eslint assets/js

coverage:
#  Implicit rule search has not been done.
#  Modification time never checked.
#  File has not been updated.
#  recipe to execute (from 'Makefile', line 257):
	$(EXEC_PHP) -d xdebug.enable=1 -d xdebug.mode=coverage -d memory_limit=-1 vendor/bin/phpunit --coverage-html=var/coverage

cert-install:
#  Implicit rule search has not been done.
#  Modification time never checked.
#  File has not been updated.
#  recipe to execute (from 'Makefile', line 92):
	@$(SYMFONY_BIN) server:ca:install

unserve:
#  Implicit rule search has not been done.
#  Modification time never checked.
#  File has not been updated.
#  recipe to execute (from 'Makefile', line 98):
	@$(SYMFONY_BIN) server:stop

logs:
#  Implicit rule search has not been done.
#  Modification time never checked.
#  File has not been updated.
#  recipe to execute (from 'Makefile', line 136):
	@$(DOCKER_COMP) logs --tail=0 --follow

bash:
#  Implicit rule search has not been done.
#  Modification time never checked.
#  File has not been updated.
#  recipe to execute (from 'Makefile', line 145):
	@$(DOCKER) container exec -it php bash

commands:
#  Implicit rule search has not been done.
#  Modification time never checked.
#  File has not been updated.
#  recipe to execute (from 'Makefile', line 158):
	@$(SYMFONY) list $(PROJECT)

deploy:
#  Implicit rule search has not been done.
#  Modification time never checked.
#  File has not been updated.
#  recipe to execute (from 'Makefile', line 198):
	@test -z "`git status --porcelain`"                 # Prevent deploy if there are modified or added files
	@test -z "`git diff --stat --cached origin/master`" # Prevent deploy if there is something to push on master
	@$(SYMFONY) deploy -v                               # Deploy with EasyDeploy

assets: purge
#  Implicit rule search has not been done.
#  Modification time never checked.
#  File has not been updated.
#  recipe to execute (from 'Makefile', line 85):
	@$(SYMFONY) assets:install public/  # Don't use "--symlink --relative" with a Docker env

# Not a target:
phpunit.xml:
#  Implicit rule search has not been done.
#  Modification time never checked.
#  File has not been updated.

sh:
#  Implicit rule search has not been done.
#  Modification time never checked.
#  File has not been updated.
#  recipe to execute (from 'Makefile', line 133):
	@$(DOCKER_COMP) exec php sh

jwt-create-ok:
#  Implicit rule search has not been done.
#  Modification time never checked.
#  File has not been updated.
#  recipe to execute (from 'Makefile', line 242):
	@curl -s POST -H "Content-Type: application/json" ${BASE_URL}${PORT}/api/login_check -d '{"username":"reader","password":"test"}' | jq .token | sed "s/\"//g"

cc:
#  Implicit rule search has not been done.
#  Modification time never checked.
#  File has not been updated.
#  recipe to execute (from 'Makefile', line 76):
	@$(SYMFONY) c:c

cs: lint-php lint-js
#  Implicit rule search has not been done.
#  Modification time never checked.
#  File has not been updated.

check:
#  Implicit rule search has not been done.
#  Modification time never checked.
#  File has not been updated.
#  recipe to execute (from 'Makefile', line 127):
	@$(DOCKER) info > /dev/null 2>&1                                                                   # Docker is up
	@test '"healthy"' = `$(DOCKER) inspect --format "{{json .State.Health.Status }}" strangebuzz-db-1` # Db container is up and healthy

serve:
#  Implicit rule search has not been done.
#  Modification time never checked.
#  File has not been updated.
#  recipe to execute (from 'Makefile', line 95):
	@$(SYMFONY_BIN) serve --daemon --port=$(HTTP_PORT)

jwt-create-nok:
#  Implicit rule search has not been done.
#  Modification time never checked.
#  File has not been updated.
#  recipe to execute (from 'Makefile', line 245):
	@curl -s POST -H "Content-Type: application/json" ${BASE_URL}${PORT}/api/login_check -d '{"username":"foo","password":"bar"}' | jq

# Not a target:
composer.lock:
#  Implicit rule search has not been done.
#  Modification time never checked.
#  File has not been updated.

encore:
#  Implicit rule search has not been done.
#  Modification time never checked.
#  File has not been updated.
#  recipe to execute (from 'Makefile', line 219):
	@$(YARN) run encore production

php-set-8-0:
#  Implicit rule search has not been done.
#  Modification time never checked.
#  File has not been updated.
#  recipe to execute (from 'Makefile', line 62):
	@$(BREW) unlink php
	@$(BREW) link --overwrite php@8.0

lint-php:
#  Implicit rule search has not been done.
#  Modification time never checked.
#  File has not been updated.
#  recipe to execute (from 'Makefile', line 191):
	@$(PHP_CS_FIXER) fix --allow-risky=yes --dry-run --config=php-cs-fixer.php

down:
#  Implicit rule search has not been done.
#  Modification time never checked.
#  File has not been updated.
#  recipe to execute (from 'Makefile', line 124):
	$(DOCKER_COMP) down --remove-orphans

php-upgrade:
#  Implicit rule search has not been done.
#  Modification time never checked.
#  File has not been updated.
#  recipe to execute (from 'Makefile', line 55):
	@$(BREW) upgrade php

install: composer.lock
#  Implicit rule search has not been done.
#  Modification time never checked.
#  File has not been updated.
#  recipe to execute (from 'Makefile', line 51):
	@$(COMPOSER) install --no-progress --prefer-dist --optimize-autoloader

# files hash-table stats:
# Load=64/1024=6%, Rehash=0, Collisions=2/98=2%
# VPATH Search Paths

# No 'vpath' search paths.

# No general ('VPATH' variable) search path.

# strcache buffers: 1 (0) / strings = 94 / storage = 908 B / avg = 9 B
# current buf: size = 8162 B / used = 908 B / count = 94 / avg = 9 B

# strcache performance: lookups = 172 / hit rate = 45%
# hash-table stats:
# Load=94/8192=1%, Rehash=0, Collisions=3/172=2%
# Finished Make data base on Fri Aug 19 01:17:39 2022

 
